<?xml version="1.0" encoding="UTF-8"?>
<!-- Generated by org.testng.reporters.JUnitXMLReporter -->
<testsuite ignored="2" hostname="DESKTOP-6NQ8E1M" failures="1" tests="2" name="Test" time="8.794" errors="0" timestamp="2024-11-18T21:55:16 IST">
  <testcase classname="test.LoginPageTest" name="LoginToAdactin" time="0.764"/>
  <testcase classname="test.SearchHotelPageTest" name="setHotelDetails" time="0.003">
    <failure type="java.lang.NullPointerException" message="Cannot invoke &amp;quot;com.aventstack.extentreports.ExtentReports.createTest(String)&amp;quot; because &amp;quot;this.extent&amp;quot; is null">
      <![CDATA[java.lang.NullPointerException: Cannot invoke "com.aventstack.extentreports.ExtentReports.createTest(String)" because "this.extent" is null
at test.SearchHotelPageTest.setHotelDetails(SearchHotelPageTest.java:48)
at java.base/java.util.ArrayList.forEach(ArrayList.java:1511)
... Removed 27 stack frames]]>
    </failure>
  </testcase> <!-- setHotelDetails -->
  <testcase classname="base.ProjectSpecificMethod" name="@BeforeSuite report" time="0.0">
    <ignored/>
  </testcase> <!-- @BeforeSuite report -->
  <testcase classname="base.ProjectSpecificMethod" name="@AfterTest reportClose" time="0.0">
    <ignored/>
  </testcase> <!-- @AfterTest reportClose -->
</testsuite> <!-- Test -->
