<?xml version="1.0" encoding="UTF-8"?>
<testng-results ignored="0" total="9" passed="5" failed="4" skipped="0">
  <reporter-output>
  </reporter-output>
  <suite started-at="2024-11-23T00:10:24 IST" name="Suite" finished-at="2024-11-23T00:11:26 IST" duration-ms="61585">
    <groups>
    </groups>
    <test started-at="2024-11-23T00:10:24 IST" name="Test" finished-at="2024-11-23T00:11:26 IST" duration-ms="61585">
      <class name="test.TS_003_CancelBookingPageTest">
        <test-method is-config="true" signature="setup()[pri:0, instance:test.TS_003_CancelBookingPageTest@6440112d]" started-at="2024-11-23T00:10:24 IST" name="setup" finished-at="2024-11-23T00:10:24 IST" duration-ms="1" status="PASS">
          <reporter-output>
          </reporter-output>
        </test-method> <!-- setup -->
        <test-method is-config="true" signature="testDetails()[pri:0, instance:test.TS_003_CancelBookingPageTest@6440112d]" started-at="2024-11-23T00:11:02 IST" name="testDetails" finished-at="2024-11-23T00:11:02 IST" duration-ms="1" status="PASS">
          <reporter-output>
          </reporter-output>
        </test-method> <!-- testDetails -->
        <test-method is-config="true" signature="openBrowser()[pri:0, instance:test.TS_003_CancelBookingPageTest@6440112d]" started-at="2024-11-23T00:11:02 IST" name="openBrowser" finished-at="2024-11-23T00:11:05 IST" duration-ms="3234" status="PASS">
          <reporter-output>
          </reporter-output>
        </test-method> <!-- openBrowser -->
        <test-method signature="cancelBooking()[pri:0, instance:test.TS_003_CancelBookingPageTest@6440112d]" started-at="2024-11-23T00:11:05 IST" name="cancelBooking" finished-at="2024-11-23T00:11:11 IST" duration-ms="5708" status="FAIL">
          <exception class="junit.framework.AssertionFailedError">
            <full-stacktrace>
              <![CDATA[junit.framework.AssertionFailedError
at junit.framework.Assert.fail(Assert.java:47)
at junit.framework.Assert.assertTrue(Assert.java:20)
at junit.framework.Assert.assertTrue(Assert.java:27)
at pages.CancelBookingPage.clickOnCheckAll(CancelBookingPage.java:57)
at test.TS_003_CancelBookingPageTest.cancelBooking(TS_003_CancelBookingPageTest.java:44)
at java.base/jdk.internal.reflect.NativeMethodAccessorImpl.invoke0(Native Method)
at java.base/jdk.internal.reflect.NativeMethodAccessorImpl.invoke(NativeMethodAccessorImpl.java:77)
at java.base/jdk.internal.reflect.DelegatingMethodAccessorImpl.invoke(DelegatingMethodAccessorImpl.java:43)
at java.base/java.lang.reflect.Method.invoke(Method.java:568)
at org.testng.internal.invokers.MethodInvocationHelper.invokeMethod(MethodInvocationHelper.java:139)
at org.testng.internal.invokers.TestInvoker.invokeMethod(TestInvoker.java:664)
at org.testng.internal.invokers.TestInvoker.invokeTestMethod(TestInvoker.java:227)
at org.testng.internal.invokers.MethodRunner.runInSequence(MethodRunner.java:50)
at org.testng.internal.invokers.TestInvoker$MethodInvocationAgent.invoke(TestInvoker.java:957)
at org.testng.internal.invokers.TestInvoker.invokeTestMethods(TestInvoker.java:200)
at org.testng.internal.invokers.TestMethodWorker.invokeTestMethods(TestMethodWorker.java:148)
at org.testng.internal.invokers.TestMethodWorker.run(TestMethodWorker.java:128)
at java.base/java.util.ArrayList.forEach(ArrayList.java:1511)
at org.testng.TestRunner.privateRun(TestRunner.java:848)
at org.testng.TestRunner.run(TestRunner.java:621)
at org.testng.SuiteRunner.runTest(SuiteRunner.java:443)
at org.testng.SuiteRunner.runSequentially(SuiteRunner.java:437)
at org.testng.SuiteRunner.privateRun(SuiteRunner.java:397)
at org.testng.SuiteRunner.run(SuiteRunner.java:336)
at org.testng.SuiteRunnerWorker.runSuite(SuiteRunnerWorker.java:52)
at org.testng.SuiteRunnerWorker.run(SuiteRunnerWorker.java:95)
at org.testng.TestNG.runSuitesSequentially(TestNG.java:1280)
at org.testng.TestNG.runSuitesLocally(TestNG.java:1200)
at org.testng.TestNG.runSuites(TestNG.java:1114)
at org.testng.TestNG.run(TestNG.java:1082)
at org.testng.remote.AbstractRemoteTestNG.run(AbstractRemoteTestNG.java:115)
at org.testng.remote.RemoteTestNG.initAndRun(RemoteTestNG.java:293)
at org.testng.remote.RemoteTestNG.main(RemoteTestNG.java:91)
]]>
            </full-stacktrace>
          </exception> <!-- junit.framework.AssertionFailedError -->
          <reporter-output>
          </reporter-output>
        </test-method> <!-- cancelBooking -->
      </class> <!-- test.TS_003_CancelBookingPageTest -->
      <class name="test.LoginPageTest">
        <test-method is-config="true" signature="report()[pri:0, instance:test.LoginPageTest@cecf639]" started-at="2024-11-23T00:10:24 IST" name="report" finished-at="2024-11-23T00:10:24 IST" duration-ms="474" status="PASS">
          <reporter-output>
          </reporter-output>
        </test-method> <!-- report -->
        <test-method is-config="true" signature="setup()[pri:0, instance:test.LoginPageTest@cecf639]" started-at="2024-11-23T00:10:24 IST" name="setup" finished-at="2024-11-23T00:10:24 IST" duration-ms="1" status="PASS">
          <reporter-output>
          </reporter-output>
        </test-method> <!-- setup -->
        <test-method is-config="true" signature="testDetails()[pri:0, instance:test.LoginPageTest@cecf639]" started-at="2024-11-23T00:10:24 IST" name="testDetails" finished-at="2024-11-23T00:10:24 IST" duration-ms="11" status="PASS">
          <reporter-output>
          </reporter-output>
        </test-method> <!-- testDetails -->
        <test-method is-config="true" signature="openBrowser()[pri:0, instance:test.LoginPageTest@cecf639]" started-at="2024-11-23T00:10:24 IST" name="openBrowser" finished-at="2024-11-23T00:10:28 IST" duration-ms="4213" status="PASS">
          <reporter-output>
          </reporter-output>
        </test-method> <!-- openBrowser -->
        <test-method signature="LoginToAdactin()[pri:0, instance:test.LoginPageTest@cecf639]" started-at="2024-11-23T00:10:28 IST" name="LoginToAdactin" finished-at="2024-11-23T00:10:29 IST" duration-ms="990" status="PASS">
          <reporter-output>
          </reporter-output>
        </test-method> <!-- LoginToAdactin -->
        <test-method is-config="true" signature="reportClose()[pri:0, instance:test.LoginPageTest@cecf639]" started-at="2024-11-23T00:11:25 IST" name="reportClose" finished-at="2024-11-23T00:11:26 IST" depends-on-methods="test.TS_005_LogoutPageTest.tearDown" duration-ms="692" status="PASS">
          <reporter-output>
          </reporter-output>
        </test-method> <!-- reportClose -->
      </class> <!-- test.LoginPageTest -->
      <class name="test.TS_001_LoginWithParametersTest">
        <test-method is-config="true" signature="setup()[pri:0, instance:test.TS_001_LoginWithParametersTest@6c284af]" started-at="2024-11-23T00:10:24 IST" name="setup" finished-at="2024-11-23T00:10:24 IST" duration-ms="1" status="PASS">
          <reporter-output>
          </reporter-output>
        </test-method> <!-- setup -->
        <test-method is-config="true" signature="testDetails()[pri:0, instance:test.TS_001_LoginWithParametersTest@6c284af]" started-at="2024-11-23T00:10:29 IST" name="testDetails" finished-at="2024-11-23T00:10:29 IST" duration-ms="1" status="PASS">
          <reporter-output>
          </reporter-output>
        </test-method> <!-- testDetails -->
        <test-method is-config="true" signature="openBrowser()[pri:0, instance:test.TS_001_LoginWithParametersTest@6c284af]" started-at="2024-11-23T00:10:31 IST" name="openBrowser" finished-at="2024-11-23T00:10:34 IST" duration-ms="2962" status="PASS">
          <reporter-output>
          </reporter-output>
        </test-method> <!-- openBrowser -->
        <test-method signature="LoginwithParameter(java.lang.String,java.lang.String)[pri:0, instance:test.TS_001_LoginWithParametersTest@6c284af]" started-at="2024-11-23T00:10:34 IST" name="LoginwithParameter" data-provider="ReadData" finished-at="2024-11-23T00:10:35 IST" duration-ms="969" status="PASS">
          <params>
            <param index="0">
              <value>
                <![CDATA[MeGaurav]]>
              </value>
            </param>
            <param index="1">
              <value>
                <![CDATA[Welcome@123]]>
              </value>
            </param>
          </params>
          <reporter-output>
          </reporter-output>
        </test-method> <!-- LoginwithParameter -->
        <test-method is-config="true" signature="openBrowser()[pri:0, instance:test.TS_001_LoginWithParametersTest@6c284af]" started-at="2024-11-23T00:10:35 IST" name="openBrowser" finished-at="2024-11-23T00:10:37 IST" duration-ms="2839" status="PASS">
          <reporter-output>
          </reporter-output>
        </test-method> <!-- openBrowser -->
        <test-method signature="LoginwithParameter(java.lang.String,java.lang.String)[pri:0, instance:test.TS_001_LoginWithParametersTest@6c284af]" started-at="2024-11-23T00:10:37 IST" name="LoginwithParameter" data-provider="ReadData" finished-at="2024-11-23T00:10:38 IST" duration-ms="741" status="FAIL">
          <params>
            <param index="0">
              <value>
                <![CDATA[Gaurav]]>
              </value>
            </param>
            <param index="1">
              <value>
                <![CDATA[Hello@123]]>
              </value>
            </param>
          </params>
          <exception class="junit.framework.ComparisonFailure">
            <message>
              <![CDATA[expected:<...index...> but was:<...SearchHotel...>]]>
            </message>
            <full-stacktrace>
              <![CDATA[junit.framework.ComparisonFailure: expected:<...index...> but was:<...SearchHotel...>
at junit.framework.Assert.assertEquals(Assert.java:81)
at junit.framework.Assert.assertEquals(Assert.java:87)
at pages.LoginWithParametersPage.clickOnLogin(LoginWithParametersPage.java:43)
at test.TS_001_LoginWithParametersTest.LoginwithParameter(TS_001_LoginWithParametersTest.java:32)
at java.base/jdk.internal.reflect.NativeMethodAccessorImpl.invoke0(Native Method)
at java.base/jdk.internal.reflect.NativeMethodAccessorImpl.invoke(NativeMethodAccessorImpl.java:77)
at java.base/jdk.internal.reflect.DelegatingMethodAccessorImpl.invoke(DelegatingMethodAccessorImpl.java:43)
at java.base/java.lang.reflect.Method.invoke(Method.java:568)
at org.testng.internal.invokers.MethodInvocationHelper.invokeMethod(MethodInvocationHelper.java:139)
at org.testng.internal.invokers.TestInvoker.invokeMethod(TestInvoker.java:664)
at org.testng.internal.invokers.TestInvoker.invokeTestMethod(TestInvoker.java:227)
at org.testng.internal.invokers.MethodRunner.runInSequence(MethodRunner.java:50)
at org.testng.internal.invokers.TestInvoker$MethodInvocationAgent.invoke(TestInvoker.java:957)
at org.testng.internal.invokers.TestInvoker.invokeTestMethods(TestInvoker.java:200)
at org.testng.internal.invokers.TestMethodWorker.invokeTestMethods(TestMethodWorker.java:148)
at org.testng.internal.invokers.TestMethodWorker.run(TestMethodWorker.java:128)
at java.base/java.util.ArrayList.forEach(ArrayList.java:1511)
at org.testng.TestRunner.privateRun(TestRunner.java:848)
at org.testng.TestRunner.run(TestRunner.java:621)
at org.testng.SuiteRunner.runTest(SuiteRunner.java:443)
at org.testng.SuiteRunner.runSequentially(SuiteRunner.java:437)
at org.testng.SuiteRunner.privateRun(SuiteRunner.java:397)
at org.testng.SuiteRunner.run(SuiteRunner.java:336)
at org.testng.SuiteRunnerWorker.runSuite(SuiteRunnerWorker.java:52)
at org.testng.SuiteRunnerWorker.run(SuiteRunnerWorker.java:95)
at org.testng.TestNG.runSuitesSequentially(TestNG.java:1280)
at org.testng.TestNG.runSuitesLocally(TestNG.java:1200)
at org.testng.TestNG.runSuites(TestNG.java:1114)
at org.testng.TestNG.run(TestNG.java:1082)
at org.testng.remote.AbstractRemoteTestNG.run(AbstractRemoteTestNG.java:115)
at org.testng.remote.RemoteTestNG.initAndRun(RemoteTestNG.java:293)
at org.testng.remote.RemoteTestNG.main(RemoteTestNG.java:91)
]]>
            </full-stacktrace>
          </exception> <!-- junit.framework.ComparisonFailure -->
          <reporter-output>
          </reporter-output>
        </test-method> <!-- LoginwithParameter -->
        <test-method is-config="true" signature="openBrowser()[pri:0, instance:test.TS_001_LoginWithParametersTest@6c284af]" started-at="2024-11-23T00:10:39 IST" name="openBrowser" finished-at="2024-11-23T00:10:42 IST" duration-ms="3330" status="PASS">
          <reporter-output>
          </reporter-output>
        </test-method> <!-- openBrowser -->
        <test-method signature="LoginwithParameter(java.lang.String,java.lang.String)[pri:0, instance:test.TS_001_LoginWithParametersTest@6c284af]" started-at="2024-11-23T00:10:42 IST" name="LoginwithParameter" data-provider="ReadData" finished-at="2024-11-23T00:10:43 IST" duration-ms="615" status="FAIL">
          <params>
            <param index="0">
              <value>
                <![CDATA[MeGaurav]]>
              </value>
            </param>
            <param index="1">
              <value>
                <![CDATA[Hello@123]]>
              </value>
            </param>
          </params>
          <exception class="junit.framework.ComparisonFailure">
            <message>
              <![CDATA[expected:<...index...> but was:<...SearchHotel...>]]>
            </message>
            <full-stacktrace>
              <![CDATA[junit.framework.ComparisonFailure: expected:<...index...> but was:<...SearchHotel...>
at junit.framework.Assert.assertEquals(Assert.java:81)
at junit.framework.Assert.assertEquals(Assert.java:87)
at pages.LoginWithParametersPage.clickOnLogin(LoginWithParametersPage.java:43)
at test.TS_001_LoginWithParametersTest.LoginwithParameter(TS_001_LoginWithParametersTest.java:32)
at java.base/jdk.internal.reflect.NativeMethodAccessorImpl.invoke0(Native Method)
at java.base/jdk.internal.reflect.NativeMethodAccessorImpl.invoke(NativeMethodAccessorImpl.java:77)
at java.base/jdk.internal.reflect.DelegatingMethodAccessorImpl.invoke(DelegatingMethodAccessorImpl.java:43)
at java.base/java.lang.reflect.Method.invoke(Method.java:568)
at org.testng.internal.invokers.MethodInvocationHelper.invokeMethod(MethodInvocationHelper.java:139)
at org.testng.internal.invokers.TestInvoker.invokeMethod(TestInvoker.java:664)
at org.testng.internal.invokers.TestInvoker.invokeTestMethod(TestInvoker.java:227)
at org.testng.internal.invokers.MethodRunner.runInSequence(MethodRunner.java:50)
at org.testng.internal.invokers.TestInvoker$MethodInvocationAgent.invoke(TestInvoker.java:957)
at org.testng.internal.invokers.TestInvoker.invokeTestMethods(TestInvoker.java:200)
at org.testng.internal.invokers.TestMethodWorker.invokeTestMethods(TestMethodWorker.java:148)
at org.testng.internal.invokers.TestMethodWorker.run(TestMethodWorker.java:128)
at java.base/java.util.ArrayList.forEach(ArrayList.java:1511)
at org.testng.TestRunner.privateRun(TestRunner.java:848)
at org.testng.TestRunner.run(TestRunner.java:621)
at org.testng.SuiteRunner.runTest(SuiteRunner.java:443)
at org.testng.SuiteRunner.runSequentially(SuiteRunner.java:437)
at org.testng.SuiteRunner.privateRun(SuiteRunner.java:397)
at org.testng.SuiteRunner.run(SuiteRunner.java:336)
at org.testng.SuiteRunnerWorker.runSuite(SuiteRunnerWorker.java:52)
at org.testng.SuiteRunnerWorker.run(SuiteRunnerWorker.java:95)
at org.testng.TestNG.runSuitesSequentially(TestNG.java:1280)
at org.testng.TestNG.runSuitesLocally(TestNG.java:1200)
at org.testng.TestNG.runSuites(TestNG.java:1114)
at org.testng.TestNG.run(TestNG.java:1082)
at org.testng.remote.AbstractRemoteTestNG.run(AbstractRemoteTestNG.java:115)
at org.testng.remote.RemoteTestNG.initAndRun(RemoteTestNG.java:293)
at org.testng.remote.RemoteTestNG.main(RemoteTestNG.java:91)
]]>
            </full-stacktrace>
          </exception> <!-- junit.framework.ComparisonFailure -->
          <reporter-output>
          </reporter-output>
        </test-method> <!-- LoginwithParameter -->
        <test-method is-config="true" signature="openBrowser()[pri:0, instance:test.TS_001_LoginWithParametersTest@6c284af]" started-at="2024-11-23T00:10:43 IST" name="openBrowser" finished-at="2024-11-23T00:10:46 IST" duration-ms="3076" status="PASS">
          <reporter-output>
          </reporter-output>
        </test-method> <!-- openBrowser -->
        <test-method signature="LoginwithParameter(java.lang.String,java.lang.String)[pri:0, instance:test.TS_001_LoginWithParametersTest@6c284af]" started-at="2024-11-23T00:10:46 IST" name="LoginwithParameter" data-provider="ReadData" finished-at="2024-11-23T00:10:47 IST" duration-ms="650" status="FAIL">
          <params>
            <param index="0">
              <value>
                <![CDATA[Gaurav]]>
              </value>
            </param>
            <param index="1">
              <value>
                <![CDATA[Hello@123]]>
              </value>
            </param>
          </params>
          <exception class="junit.framework.ComparisonFailure">
            <message>
              <![CDATA[expected:<...index...> but was:<...SearchHotel...>]]>
            </message>
            <full-stacktrace>
              <![CDATA[junit.framework.ComparisonFailure: expected:<...index...> but was:<...SearchHotel...>
at junit.framework.Assert.assertEquals(Assert.java:81)
at junit.framework.Assert.assertEquals(Assert.java:87)
at pages.LoginWithParametersPage.clickOnLogin(LoginWithParametersPage.java:43)
at test.TS_001_LoginWithParametersTest.LoginwithParameter(TS_001_LoginWithParametersTest.java:32)
at java.base/jdk.internal.reflect.NativeMethodAccessorImpl.invoke0(Native Method)
at java.base/jdk.internal.reflect.NativeMethodAccessorImpl.invoke(NativeMethodAccessorImpl.java:77)
at java.base/jdk.internal.reflect.DelegatingMethodAccessorImpl.invoke(DelegatingMethodAccessorImpl.java:43)
at java.base/java.lang.reflect.Method.invoke(Method.java:568)
at org.testng.internal.invokers.MethodInvocationHelper.invokeMethod(MethodInvocationHelper.java:139)
at org.testng.internal.invokers.TestInvoker.invokeMethod(TestInvoker.java:664)
at org.testng.internal.invokers.TestInvoker.invokeTestMethod(TestInvoker.java:227)
at org.testng.internal.invokers.MethodRunner.runInSequence(MethodRunner.java:50)
at org.testng.internal.invokers.TestInvoker$MethodInvocationAgent.invoke(TestInvoker.java:957)
at org.testng.internal.invokers.TestInvoker.invokeTestMethods(TestInvoker.java:200)
at org.testng.internal.invokers.TestMethodWorker.invokeTestMethods(TestMethodWorker.java:148)
at org.testng.internal.invokers.TestMethodWorker.run(TestMethodWorker.java:128)
at java.base/java.util.ArrayList.forEach(ArrayList.java:1511)
at org.testng.TestRunner.privateRun(TestRunner.java:848)
at org.testng.TestRunner.run(TestRunner.java:621)
at org.testng.SuiteRunner.runTest(SuiteRunner.java:443)
at org.testng.SuiteRunner.runSequentially(SuiteRunner.java:437)
at org.testng.SuiteRunner.privateRun(SuiteRunner.java:397)
at org.testng.SuiteRunner.run(SuiteRunner.java:336)
at org.testng.SuiteRunnerWorker.runSuite(SuiteRunnerWorker.java:52)
at org.testng.SuiteRunnerWorker.run(SuiteRunnerWorker.java:95)
at org.testng.TestNG.runSuitesSequentially(TestNG.java:1280)
at org.testng.TestNG.runSuitesLocally(TestNG.java:1200)
at org.testng.TestNG.runSuites(TestNG.java:1114)
at org.testng.TestNG.run(TestNG.java:1082)
at org.testng.remote.AbstractRemoteTestNG.run(AbstractRemoteTestNG.java:115)
at org.testng.remote.RemoteTestNG.initAndRun(RemoteTestNG.java:293)
at org.testng.remote.RemoteTestNG.main(RemoteTestNG.java:91)
]]>
            </full-stacktrace>
          </exception> <!-- junit.framework.ComparisonFailure -->
          <reporter-output>
          </reporter-output>
        </test-method> <!-- LoginwithParameter -->
      </class> <!-- test.TS_001_LoginWithParametersTest -->
      <class name="test.TS_005_LogoutPageTest">
        <test-method is-config="true" signature="setup()[pri:0, instance:test.TS_005_LogoutPageTest@4a003cbe]" started-at="2024-11-23T00:10:24 IST" name="setup" finished-at="2024-11-23T00:10:24 IST" duration-ms="1" status="PASS">
          <reporter-output>
          </reporter-output>
        </test-method> <!-- setup -->
        <test-method is-config="true" signature="testDetails()[pri:0, instance:test.TS_005_LogoutPageTest@4a003cbe]" started-at="2024-11-23T00:11:11 IST" name="testDetails" finished-at="2024-11-23T00:11:11 IST" duration-ms="1" status="PASS">
          <reporter-output>
          </reporter-output>
        </test-method> <!-- testDetails -->
        <test-method is-config="true" signature="openBrowser()[pri:0, instance:test.TS_005_LogoutPageTest@4a003cbe]" started-at="2024-11-23T00:11:11 IST" name="openBrowser" finished-at="2024-11-23T00:11:15 IST" duration-ms="3437" status="PASS">
          <reporter-output>
          </reporter-output>
        </test-method> <!-- openBrowser -->
        <test-method signature="clickOnLogout()[pri:0, instance:test.TS_005_LogoutPageTest@4a003cbe]" started-at="2024-11-23T00:11:15 IST" name="clickOnLogout" finished-at="2024-11-23T00:11:16 IST" duration-ms="1690" status="PASS">
          <reporter-output>
          </reporter-output>
        </test-method> <!-- clickOnLogout -->
        <test-method is-config="true" signature="tearDown()[pri:0, instance:test.TS_005_LogoutPageTest@4a003cbe]" started-at="2024-11-23T00:11:25 IST" name="tearDown" finished-at="2024-11-23T00:11:25 IST" duration-ms="397" status="PASS">
          <reporter-output>
          </reporter-output>
        </test-method> <!-- tearDown -->
      </class> <!-- test.TS_005_LogoutPageTest -->
      <class name="test.TS_004_ChangePasswordTest">
        <test-method is-config="true" signature="setup()[pri:0, instance:test.TS_004_ChangePasswordTest@4082ba93]" started-at="2024-11-23T00:10:24 IST" name="setup" finished-at="2024-11-23T00:10:24 IST" duration-ms="1" status="PASS">
          <reporter-output>
          </reporter-output>
        </test-method> <!-- setup -->
        <test-method is-config="true" signature="testDetails()[pri:0, instance:test.TS_004_ChangePasswordTest@4082ba93]" started-at="2024-11-23T00:11:16 IST" name="testDetails" finished-at="2024-11-23T00:11:16 IST" duration-ms="1" status="PASS">
          <reporter-output>
          </reporter-output>
        </test-method> <!-- testDetails -->
        <test-method is-config="true" signature="openBrowser()[pri:0, instance:test.TS_004_ChangePasswordTest@4082ba93]" started-at="2024-11-23T00:11:16 IST" name="openBrowser" finished-at="2024-11-23T00:11:19 IST" duration-ms="3199" status="PASS">
          <reporter-output>
          </reporter-output>
        </test-method> <!-- openBrowser -->
        <test-method signature="changePassword()[pri:0, instance:test.TS_004_ChangePasswordTest@4082ba93]" started-at="2024-11-23T00:11:19 IST" name="changePassword" finished-at="2024-11-23T00:11:25 IST" duration-ms="5241" status="PASS">
          <reporter-output>
          </reporter-output>
        </test-method> <!-- changePassword -->
      </class> <!-- test.TS_004_ChangePasswordTest -->
      <class name="test.TS_002_SearchHotelPageTest">
        <test-method is-config="true" signature="setup()[pri:0, instance:test.TS_002_SearchHotelPageTest@5890e879]" started-at="2024-11-23T00:10:24 IST" name="setup" finished-at="2024-11-23T00:10:24 IST" duration-ms="0" status="PASS">
          <reporter-output>
          </reporter-output>
        </test-method> <!-- setup -->
        <test-method is-config="true" signature="testDetails()[pri:0, instance:test.TS_002_SearchHotelPageTest@5890e879]" started-at="2024-11-23T00:10:47 IST" name="testDetails" finished-at="2024-11-23T00:10:47 IST" duration-ms="1" status="PASS">
          <reporter-output>
          </reporter-output>
        </test-method> <!-- testDetails -->
        <test-method is-config="true" signature="openBrowser()[pri:0, instance:test.TS_002_SearchHotelPageTest@5890e879]" started-at="2024-11-23T00:10:47 IST" name="openBrowser" finished-at="2024-11-23T00:10:49 IST" duration-ms="1874" status="PASS">
          <reporter-output>
          </reporter-output>
        </test-method> <!-- openBrowser -->
        <test-method signature="setHotelDetails()[pri:0, instance:test.TS_002_SearchHotelPageTest@5890e879]" started-at="2024-11-23T00:10:49 IST" name="setHotelDetails" finished-at="2024-11-23T00:11:02 IST" duration-ms="13138" status="PASS">
          <reporter-output>
          </reporter-output>
        </test-method> <!-- setHotelDetails -->
      </class> <!-- test.TS_002_SearchHotelPageTest -->
    </test> <!-- Test -->
  </suite> <!-- Suite -->
</testng-results>
